Using pre-set license
Built from '2021.3/staging' branch; Version is '2021.3.32f1 (3b9dae9532f5) revision 3906990'; Using compiler version '192829333'; Build Type 'Release'
OS: 'Windows 10  (10.0.19045) 64bit CoreSingleLanguage' Language: 'en' Physical Memory: 16219 MB
BatchMode: 1, IsHumanControllingUs: 0, StartBugReporterOnCrash: 0, Is64bit: 1, IsPro: 1

COMMAND LINE ARGUMENTS:
C:\Program Files\Unity 2021.3.32f1\Editor\Unity.exe
-adb2
-batchMode
-noUpm
-name
AssetImportWorker0
-projectPath
C:/Users/Laptop cua Phuc/BrideRace_NBP
-logFile
Logs/AssetImportWorker0.log
-srvPort
50141
Successfully changed project path to: C:/Users/Laptop cua Phuc/BrideRace_NBP
C:/Users/Laptop cua Phuc/BrideRace_NBP
[UnityMemory] Configuration Parameters - Can be set up in boot.config
    "memorysetup-bucket-allocator-granularity=16"
    "memorysetup-bucket-allocator-bucket-count=8"
    "memorysetup-bucket-allocator-block-size=33554432"
    "memorysetup-bucket-allocator-block-count=8"
    "memorysetup-main-allocator-block-size=16777216"
    "memorysetup-thread-allocator-block-size=16777216"
    "memorysetup-gfx-main-allocator-block-size=16777216"
    "memorysetup-gfx-thread-allocator-block-size=16777216"
    "memorysetup-cache-allocator-block-size=4194304"
    "memorysetup-typetree-allocator-block-size=2097152"
    "memorysetup-profiler-bucket-allocator-granularity=16"
    "memorysetup-profiler-bucket-allocator-bucket-count=8"
    "memorysetup-profiler-bucket-allocator-block-size=33554432"
    "memorysetup-profiler-bucket-allocator-block-count=8"
    "memorysetup-profiler-allocator-block-size=16777216"
    "memorysetup-profiler-editor-allocator-block-size=1048576"
    "memorysetup-temp-allocator-size-main=16777216"
    "memorysetup-job-temp-allocator-block-size=2097152"
    "memorysetup-job-temp-allocator-block-size-background=1048576"
    "memorysetup-job-temp-allocator-reduction-small-platforms=262144"
    "memorysetup-temp-allocator-size-background-worker=32768"
    "memorysetup-temp-allocator-size-job-worker=262144"
    "memorysetup-temp-allocator-size-preload-manager=33554432"
    "memorysetup-temp-allocator-size-nav-mesh-worker=65536"
    "memorysetup-temp-allocator-size-audio-worker=65536"
    "memorysetup-temp-allocator-size-cloud-worker=32768"
    "memorysetup-temp-allocator-size-gi-baking-worker=262144"
    "memorysetup-temp-allocator-size-gfx=262144"
Player connection [23544] Host "[IP] 192.168.0.100 [Port] 0 [Flags] 2 [Guid] 1776036870 [EditorId] 1776036870 [Version] 1048832 [Id] WindowsEditor(7,LAPTOP-6POE2SJS) [Debug] 1 [PackageName] WindowsEditor [ProjectName] Editor" joined multi-casting on [225.0.0.222:54997]...

Player connection [23544] Host "[IP] 192.168.0.100 [Port] 0 [Flags] 2 [Guid] 1776036870 [EditorId] 1776036870 [Version] 1048832 [Id] WindowsEditor(7,LAPTOP-6POE2SJS) [Debug] 1 [PackageName] WindowsEditor [ProjectName] Editor" joined alternative multi-casting on [225.0.0.222:34997]...

[Physics::Module] Initialized MultithreadedJobDispatcher with {0} workers.
Refreshing native plugins compatible for Editor in 91.92 ms, found 3 plugins.
Preloading 0 native plugins for Editor in 0.00 ms.
Initialize engine version: 2021.3.32f1 (3b9dae9532f5)
[Subsystems] Discovering subsystems at path C:/Program Files/Unity 2021.3.32f1/Editor/Data/Resources/UnitySubsystems
[Subsystems] Discovering subsystems at path C:/Users/Laptop cua Phuc/BrideRace_NBP/Assets
GfxDevice: creating device client; threaded=0; jobified=0
Direct3D:
    Version:  Direct3D 11.0 [level 11.1]
    Renderer: NVIDIA GeForce GTX 1650 Ti (ID=0x1f95)
    Vendor:   NVIDIA
    VRAM:     3962 MB
    Driver:   31.0.15.1691
Initialize mono
Mono path[0] = 'C:/Program Files/Unity 2021.3.32f1/Editor/Data/Managed'
Mono path[1] = 'C:/Program Files/Unity 2021.3.32f1/Editor/Data/MonoBleedingEdge/lib/mono/unityjit-win32'
Mono config path = 'C:/Program Files/Unity 2021.3.32f1/Editor/Data/MonoBleedingEdge/etc'
Using monoOptions --debugger-agent=transport=dt_socket,embedding=1,server=y,suspend=n,address=127.0.0.1:56148
Begin MonoManager ReloadAssembly
Registering precompiled unity dll's ...
Register platform support module: C:/Program Files/Unity 2021.3.32f1/Editor/Data/PlaybackEngines/WindowsStandaloneSupport/UnityEditor.WindowsStandalone.Extensions.dll
Registered in 0.007970 seconds.
Native extension for WindowsStandalone target not found
Refreshing native plugins compatible for Editor in 104.51 ms, found 3 plugins.
Preloading 0 native plugins for Editor in 0.00 ms.
Mono: successfully reloaded assembly
- Completed reload, in  0.802 seconds
Domain Reload Profiling:
	ReloadAssembly (803ms)
		BeginReloadAssembly (130ms)
			ExecutionOrderSort (0ms)
			DisableScriptedObjects (0ms)
			BackupInstance (0ms)
			ReleaseScriptingObjects (0ms)
			CreateAndSetChildDomain (1ms)
		EndReloadAssembly (549ms)
			LoadAssemblies (126ms)
			RebuildTransferFunctionScriptingTraits (0ms)
			SetupTypeCache (135ms)
			ReleaseScriptCaches (0ms)
			RebuildScriptCaches (33ms)
			SetupLoadedEditorAssemblies (331ms)
				LogAssemblyErrors (0ms)
				InitializePlatformSupportModulesInManaged (9ms)
				SetLoadedEditorAssemblies (0ms)
				RefreshPlugins (105ms)
				BeforeProcessingInitializeOnLoad (1ms)
				ProcessInitializeOnLoadAttributes (155ms)
				ProcessInitializeOnLoadMethodAttributes (60ms)
				AfterProcessingInitializeOnLoad (0ms)
				EditorAssembliesLoaded (0ms)
			ExecutionOrderSort2 (0ms)
			AwakeInstancesAfterBackupRestoration (0ms)
Platform modules already initialized, skipping
Registering precompiled user dll's ...
Registered in 0.014735 seconds.
Begin MonoManager ReloadAssembly
Native extension for WindowsStandalone target not found
Refreshing native plugins compatible for Editor in 0.83 ms, found 3 plugins.
Preloading 0 native plugins for Editor in 0.00 ms.
Package Manager log level set to [2]
[Package Manager] Server::EnsureServerProcessIsRunning -- launch failed, reason: Unity was launched with the -noUpm command-line argument
[Package Manager] Cannot connect to Unity Package Manager local server
Mono: successfully reloaded assembly
- Completed reload, in  2.160 seconds
Domain Reload Profiling:
	ReloadAssembly (2161ms)
		BeginReloadAssembly (199ms)
			ExecutionOrderSort (0ms)
			DisableScriptedObjects (7ms)
			BackupInstance (0ms)
			ReleaseScriptingObjects (0ms)
			CreateAndSetChildDomain (19ms)
		EndReloadAssembly (1823ms)
			LoadAssemblies (170ms)
			RebuildTransferFunctionScriptingTraits (0ms)
			SetupTypeCache (408ms)
			ReleaseScriptCaches (1ms)
			RebuildScriptCaches (70ms)
			SetupLoadedEditorAssemblies (1186ms)
				LogAssemblyErrors (0ms)
				InitializePlatformSupportModulesInManaged (8ms)
				SetLoadedEditorAssemblies (1ms)
				RefreshPlugins (1ms)
				BeforeProcessingInitializeOnLoad (126ms)
				ProcessInitializeOnLoadAttributes (991ms)
				ProcessInitializeOnLoadMethodAttributes (46ms)
				AfterProcessingInitializeOnLoad (14ms)
				EditorAssembliesLoaded (0ms)
			ExecutionOrderSort2 (0ms)
			AwakeInstancesAfterBackupRestoration (11ms)
Platform modules already initialized, skipping
========================================================================
Worker process is ready to serve import requests
Launched and connected shader compiler UnityShaderCompiler.exe after 0.05 seconds
Refreshing native plugins compatible for Editor in 1.29 ms, found 3 plugins.
Preloading 0 native plugins for Editor in 0.00 ms.
Unloading 3315 Unused Serialized files (Serialized files now loaded: 0)
Unloading 39 unused Assets / (46.4 KB). Loaded Objects now: 3771.
Memory consumption went from 120.8 MB to 120.7 MB.
Total: 4.361200 ms (FindLiveObjects: 0.327300 ms CreateObjectMapping: 0.250400 ms MarkObjects: 3.685100 ms  DeleteObjects: 0.097000 ms)

AssetImportParameters requested are different than current active one (requested -> active):
  custom:video-decoder-ogg-theora: a1e56fd34408186e4bbccfd4996cb3dc -> 
  custom:container-muxer-webm: aa71ff27fc2769a1b78a27578f13a17b -> 
  custom:container-demuxer-webm: 4f35f7cbe854078d1ac9338744f61a02 -> 
  custom:video-encoder-webm-vp8: eb34c28f22e8b96e1ab97ce403110664 -> 
  custom:video-codec-MediaFoundation-h265: 746d11721c4dcdbdad8f713fa42b33f4 -> 
  custom:audio-encoder-webm-vorbis: bf7c407c2cedff20999df2af8eb42d56 -> 
  custom:framework-win-MediaFoundation: 216162199b28c13a410421893ffa2e32 -> 
  custom:SearchIndexIgnoredProperties: e643bd26f0fe6173181afceb89e7c659 -> 
  custom:container-demuxer-ogg: 62fdf1f143b41e24485cea50d1cbac27 -> 
  custom:video-decoder-webm-vp8: 9c59270c3fd7afecdb556c50c9e8de78 -> 
  custom:audio-decoder-ogg-vorbis: bf7c407c2cedff20999df2af8eb42d56 -> 
========================================================================
Received Import Request.
  Time since last request: 692996.322900 seconds.
  path: Assets/_Game/Prefabs/Level/Level1 1 2.prefab
  artifactKey: Guid(5b547a8b13e59564a89783ae10319799) Importer(815301076,1909f56bfc062723c751e8b465ee728b)
Number of updated assets reloaded before import = 0
Start importing Assets/_Game/Prefabs/Level/Level1 1 2.prefab using Guid(5b547a8b13e59564a89783ae10319799) Importer(815301076,1909f56bfc062723c751e8b465ee728b)  -> (artifact id: '3e7ea53f477c6e24bee09b85f6931a6e') in 0.328332 seconds 
Number of asset objects unloaded after import = 4712
========================================================================
Received Prepare
Refreshing native plugins compatible for Editor in 6.96 ms, found 3 plugins.
Preloading 0 native plugins for Editor in 0.00 ms.
Unloading 27 Unused Serialized files (Serialized files now loaded: 0)
Unloading 27 unused Assets / (21.9 KB). Loaded Objects now: 3783.
Memory consumption went from 58.1 MB to 58.1 MB.
Total: 3.653400 ms (FindLiveObjects: 0.305000 ms CreateObjectMapping: 0.227500 ms MarkObjects: 3.099700 ms  DeleteObjects: 0.020200 ms)

AssetImportParameters requested are different than current active one (requested -> active):
  custom:video-decoder-ogg-theora: a1e56fd34408186e4bbccfd4996cb3dc -> 
  custom:container-muxer-webm: aa71ff27fc2769a1b78a27578f13a17b -> 
  custom:container-demuxer-webm: 4f35f7cbe854078d1ac9338744f61a02 -> 
  custom:video-encoder-webm-vp8: eb34c28f22e8b96e1ab97ce403110664 -> 
  custom:video-codec-MediaFoundation-h265: 746d11721c4dcdbdad8f713fa42b33f4 -> 
  custom:CustomObjectIndexerAttribute: bc11b3a6c3213fcdd17b65e7da85e133 -> 
  custom:audio-encoder-webm-vorbis: bf7c407c2cedff20999df2af8eb42d56 -> 
  custom:framework-win-MediaFoundation: 216162199b28c13a410421893ffa2e32 -> 
  custom:SearchIndexIgnoredProperties: e643bd26f0fe6173181afceb89e7c659 -> 
  custom:container-demuxer-ogg: 62fdf1f143b41e24485cea50d1cbac27 -> 
  custom:video-decoder-webm-vp8: 9c59270c3fd7afecdb556c50c9e8de78 -> 
  custom:audio-decoder-ogg-vorbis: bf7c407c2cedff20999df2af8eb42d56 -> 
========================================================================
Received Import Request.
  Time since last request: 111.984508 seconds.
  path: Assets/_Game/Prefabs/Level/Level1 1 2.prefab
  artifactKey: Guid(5b547a8b13e59564a89783ae10319799) Importer(815301076,1909f56bfc062723c751e8b465ee728b)
Number of updated assets reloaded before import = 0
Start importing Assets/_Game/Prefabs/Level/Level1 1 2.prefab using Guid(5b547a8b13e59564a89783ae10319799) Importer(815301076,1909f56bfc062723c751e8b465ee728b)  -> (artifact id: '79afef6b74789f15cd0f5c3a6c21edb1') in 0.071910 seconds 
Number of asset objects unloaded after import = 4733
========================================================================
Received Import Request.
  Time since last request: 256.822251 seconds.
  path: Assets/_Game/Prefabs/Level/Level1 1 2.prefab
  artifactKey: Guid(5b547a8b13e59564a89783ae10319799) Importer(815301076,1909f56bfc062723c751e8b465ee728b)
Number of updated assets reloaded before import = 0
Start importing Assets/_Game/Prefabs/Level/Level1 1 2.prefab using Guid(5b547a8b13e59564a89783ae10319799) Importer(815301076,1909f56bfc062723c751e8b465ee728b)  -> (artifact id: '9888fe08926993690bad5adc966ad1b0') in 0.078131 seconds 
Number of asset objects unloaded after import = 4721
========================================================================
Received Import Request.
  Time since last request: 180.643237 seconds.
  path: Assets/_Game/Prefabs/Level/Level1 1 2 1.prefab
  artifactKey: Guid(c622c5daeba059a40a8436413ba7858d) Importer(815301076,1909f56bfc062723c751e8b465ee728b)
Number of updated assets reloaded before import = 0
Start importing Assets/_Game/Prefabs/Level/Level1 1 2 1.prefab using Guid(c622c5daeba059a40a8436413ba7858d) Importer(815301076,1909f56bfc062723c751e8b465ee728b)  -> (artifact id: '7f384c0f8205971a0d319a4c048e3efa') in 0.084516 seconds 
Number of asset objects unloaded after import = 4742
========================================================================
Received Import Request.
  Time since last request: 7.070440 seconds.
  path: Assets/_Game/Prefabs/Level/Level 2.prefab
  artifactKey: Guid(c622c5daeba059a40a8436413ba7858d) Importer(815301076,1909f56bfc062723c751e8b465ee728b)
Number of updated assets reloaded before import = 0
Start importing Assets/_Game/Prefabs/Level/Level 2.prefab using Guid(c622c5daeba059a40a8436413ba7858d) Importer(815301076,1909f56bfc062723c751e8b465ee728b)  -> (artifact id: 'a022b3c3a4f052b7bbef3b83f832364b') in 0.078365 seconds 
Number of asset objects unloaded after import = 4742
========================================================================
Received Import Request.
  Time since last request: 102.390734 seconds.
  path: Assets/_Game/Prefabs/Level/Level 2.prefab
  artifactKey: Guid(c622c5daeba059a40a8436413ba7858d) Importer(815301076,1909f56bfc062723c751e8b465ee728b)
Number of updated assets reloaded before import = 0
Start importing Assets/_Game/Prefabs/Level/Level 2.prefab using Guid(c622c5daeba059a40a8436413ba7858d) Importer(815301076,1909f56bfc062723c751e8b465ee728b)  -> (artifact id: '28d65ead84ab0242c7b3b73e2233f4c3') in 0.077387 seconds 
Number of asset objects unloaded after import = 4747
========================================================================
Received Import Request.
  Time since last request: 26.166087 seconds.
  path: Assets/_Game/Prefabs/Level/Level 2.prefab
  artifactKey: Guid(c622c5daeba059a40a8436413ba7858d) Importer(815301076,1909f56bfc062723c751e8b465ee728b)
Number of updated assets reloaded before import = 0
Start importing Assets/_Game/Prefabs/Level/Level 2.prefab using Guid(c622c5daeba059a40a8436413ba7858d) Importer(815301076,1909f56bfc062723c751e8b465ee728b)  -> (artifact id: 'd06769149923079b3e290a58ba93829f') in 0.178577 seconds 
Number of asset objects unloaded after import = 4747
========================================================================
Received Import Request.
  Time since last request: 30.295866 seconds.
  path: Assets/_Game/Prefabs/Level/Level1 1 1.prefab
  artifactKey: Guid(48500db372452f744bc4e27fa604757d) Importer(815301076,1909f56bfc062723c751e8b465ee728b)
Number of updated assets reloaded before import = 0
Start importing Assets/_Game/Prefabs/Level/Level1 1 1.prefab using Guid(48500db372452f744bc4e27fa604757d) Importer(815301076,1909f56bfc062723c751e8b465ee728b)  -> (artifact id: '7c102d2fc6d8d4a8a76034558d162fc4') in 0.027570 seconds 
Number of asset objects unloaded after import = 476
========================================================================
Received Import Request.
  Time since last request: 274.775582 seconds.
  path: Assets/_Game/Prefabs/Level/Level 2.prefab
  artifactKey: Guid(c622c5daeba059a40a8436413ba7858d) Importer(815301076,1909f56bfc062723c751e8b465ee728b)
Number of updated assets reloaded before import = 0
Start importing Assets/_Game/Prefabs/Level/Level 2.prefab using Guid(c622c5daeba059a40a8436413ba7858d) Importer(815301076,1909f56bfc062723c751e8b465ee728b)  -> (artifact id: '33e75db7ccab6f9a3cd924474443b3b6') in 0.081766 seconds 
Number of asset objects unloaded after import = 4746
========================================================================
Received Import Request.
  Time since last request: 3878.616837 seconds.
  path: Assets/_Game/Prefabs/Level/Level1 1 1.prefab
  artifactKey: Guid(48500db372452f744bc4e27fa604757d) Importer(815301076,1909f56bfc062723c751e8b465ee728b)
Number of updated assets reloaded before import = 0
Start importing Assets/_Game/Prefabs/Level/Level1 1 1.prefab using Guid(48500db372452f744bc4e27fa604757d) Importer(815301076,1909f56bfc062723c751e8b465ee728b)  -> (artifact id: '475db251b5487709796a5aa11dcca144') in 0.135292 seconds 
Number of asset objects unloaded after import = 476
========================================================================
Received Import Request.
  Time since last request: 1448.703303 seconds.
  path: Assets/_Game/Prefabs/Level/Level 2.prefab
  artifactKey: Guid(c622c5daeba059a40a8436413ba7858d) Importer(815301076,1909f56bfc062723c751e8b465ee728b)
Number of updated assets reloaded before import = 0
Start importing Assets/_Game/Prefabs/Level/Level 2.prefab using Guid(c622c5daeba059a40a8436413ba7858d) Importer(815301076,1909f56bfc062723c751e8b465ee728b)  -> (artifact id: '259f8f12ddb351ac704f95474e336cfe') in 0.167109 seconds 
Number of asset objects unloaded after import = 4746
========================================================================
Received Import Request.
  Time since last request: 92.128123 seconds.
  path: Assets/_Game/Prefabs/Level/Level 2.prefab
  artifactKey: Guid(c622c5daeba059a40a8436413ba7858d) Importer(815301076,1909f56bfc062723c751e8b465ee728b)
Number of updated assets reloaded before import = 0
Start importing Assets/_Game/Prefabs/Level/Level 2.prefab using Guid(c622c5daeba059a40a8436413ba7858d) Importer(815301076,1909f56bfc062723c751e8b465ee728b)  -> (artifact id: 'cd4a83e67b5a314acf1f2fadd690d563') in 0.101158 seconds 
Number of asset objects unloaded after import = 4746
========================================================================
Received Import Request.
  Time since last request: 67.946789 seconds.
  path: Assets/_Game/Prefabs/Level/Level 2.prefab
  artifactKey: Guid(c622c5daeba059a40a8436413ba7858d) Importer(815301076,1909f56bfc062723c751e8b465ee728b)
Number of updated assets reloaded before import = 0
Start importing Assets/_Game/Prefabs/Level/Level 2.prefab using Guid(c622c5daeba059a40a8436413ba7858d) Importer(815301076,1909f56bfc062723c751e8b465ee728b)  -> (artifact id: '710ca804dd31d7cb52ee9bdcd0748d30') in 0.086025 seconds 
Number of asset objects unloaded after import = 4746
========================================================================
Received Prepare
Registering precompiled user dll's ...
Registered in 0.017999 seconds.
Begin MonoManager ReloadAssembly
Native extension for WindowsStandalone target not found
Refreshing native plugins compatible for Editor in 0.70 ms, found 3 plugins.
Preloading 0 native plugins for Editor in 0.00 ms.
[Package Manager] Server::EnsureServerProcessIsRunning -- launch failed, reason: Unity was launched with the -noUpm command-line argument
[Package Manager] Cannot connect to Unity Package Manager local server
Mono: successfully reloaded assembly
- Completed reload, in  1.944 seconds
Domain Reload Profiling:
	ReloadAssembly (1945ms)
		BeginReloadAssembly (352ms)
			ExecutionOrderSort (0ms)
			DisableScriptedObjects (18ms)
			BackupInstance (0ms)
			ReleaseScriptingObjects (0ms)
			CreateAndSetChildDomain (135ms)
		EndReloadAssembly (1488ms)
			LoadAssemblies (142ms)
			RebuildTransferFunctionScriptingTraits (0ms)
			SetupTypeCache (325ms)
			ReleaseScriptCaches (1ms)
			RebuildScriptCaches (47ms)
			SetupLoadedEditorAssemblies (972ms)
				LogAssemblyErrors (0ms)
				InitializePlatformSupportModulesInManaged (6ms)
				SetLoadedEditorAssemblies (1ms)
				RefreshPlugins (1ms)
				BeforeProcessingInitializeOnLoad (81ms)
				ProcessInitializeOnLoadAttributes (840ms)
				ProcessInitializeOnLoadMethodAttributes (31ms)
				AfterProcessingInitializeOnLoad (13ms)
				EditorAssembliesLoaded (0ms)
			ExecutionOrderSort2 (0ms)
			AwakeInstancesAfterBackupRestoration (8ms)
Platform modules already initialized, skipping
Refreshing native plugins compatible for Editor in 0.98 ms, found 3 plugins.
Preloading 0 native plugins for Editor in 0.00 ms.
Unloading 3302 Unused Serialized files (Serialized files now loaded: 0)
Unloading 30 unused Assets / (21.9 KB). Loaded Objects now: 3795.
Memory consumption went from 125.5 MB to 125.4 MB.
Total: 9.938700 ms (FindLiveObjects: 0.271900 ms CreateObjectMapping: 0.204700 ms MarkObjects: 9.395500 ms  DeleteObjects: 0.065300 ms)

AssetImportParameters requested are different than current active one (requested -> active):
  custom:video-decoder-ogg-theora: a1e56fd34408186e4bbccfd4996cb3dc -> 
  custom:container-muxer-webm: aa71ff27fc2769a1b78a27578f13a17b -> 
  custom:container-demuxer-webm: 4f35f7cbe854078d1ac9338744f61a02 -> 
  custom:video-encoder-webm-vp8: eb34c28f22e8b96e1ab97ce403110664 -> 
  custom:video-codec-MediaFoundation-h265: 746d11721c4dcdbdad8f713fa42b33f4 -> 
  custom:CustomObjectIndexerAttribute: bc11b3a6c3213fcdd17b65e7da85e133 -> 
  custom:audio-encoder-webm-vorbis: bf7c407c2cedff20999df2af8eb42d56 -> 
  custom:framework-win-MediaFoundation: 216162199b28c13a410421893ffa2e32 -> 
  custom:SearchIndexIgnoredProperties: e643bd26f0fe6173181afceb89e7c659 -> 
  custom:container-demuxer-ogg: 62fdf1f143b41e24485cea50d1cbac27 -> 
  custom:video-decoder-webm-vp8: 9c59270c3fd7afecdb556c50c9e8de78 -> 
  custom:audio-decoder-ogg-vorbis: bf7c407c2cedff20999df2af8eb42d56 -> 
========================================================================
Received Import Request.
  Time since last request: 1682.332049 seconds.
  path: Assets/_Game/Prefabs/Level/NavMesh-Level 2.asset
  artifactKey: Guid(9ce426bbe144e384dbcca9d70fcc457c) Importer(815301076,1909f56bfc062723c751e8b465ee728b)
Number of updated assets reloaded before import = 0
Start importing Assets/_Game/Prefabs/Level/NavMesh-Level 2.asset using Guid(9ce426bbe144e384dbcca9d70fcc457c) Importer(815301076,1909f56bfc062723c751e8b465ee728b)  -> (artifact id: '35ed67ab4f78b3c38da1e6da88c99962') in 0.032462 seconds 
Number of asset objects unloaded after import = 1
========================================================================
Received Import Request.
  Time since last request: 32.454452 seconds.
  path: Assets/_Game/Prefabs/Level/Level 2.prefab
  artifactKey: Guid(c622c5daeba059a40a8436413ba7858d) Importer(815301076,1909f56bfc062723c751e8b465ee728b)
Number of updated assets reloaded before import = 0
Start importing Assets/_Game/Prefabs/Level/Level 2.prefab using Guid(c622c5daeba059a40a8436413ba7858d) Importer(815301076,1909f56bfc062723c751e8b465ee728b)  -> (artifact id: 'dd72922c67186767e62b5d0e89de8792') in 0.135676 seconds 
Number of asset objects unloaded after import = 4748
========================================================================
Received Import Request.
  Time since last request: 47.533578 seconds.
  path: Assets/_Game/Prefabs/Level/NavMesh-Level1 1 1.asset
  artifactKey: Guid(a8c3889b76892cb458b454191a4c3003) Importer(815301076,1909f56bfc062723c751e8b465ee728b)
Number of updated assets reloaded before import = 0
Start importing Assets/_Game/Prefabs/Level/NavMesh-Level1 1 1.asset using Guid(a8c3889b76892cb458b454191a4c3003) Importer(815301076,1909f56bfc062723c751e8b465ee728b)  -> (artifact id: '7f9574cac15d8a668c91315cd588597e') in 0.012309 seconds 
Number of asset objects unloaded after import = 1
========================================================================
Received Import Request.
  Time since last request: 1.975779 seconds.
  path: Assets/_Game/Prefabs/Level/Level1 1 1.prefab
  artifactKey: Guid(48500db372452f744bc4e27fa604757d) Importer(815301076,1909f56bfc062723c751e8b465ee728b)
Number of updated assets reloaded before import = 0
Start importing Assets/_Game/Prefabs/Level/Level1 1 1.prefab using Guid(48500db372452f744bc4e27fa604757d) Importer(815301076,1909f56bfc062723c751e8b465ee728b)  -> (artifact id: 'c5baa311795dc2137961aac8895c43bc') in 0.034765 seconds 
Number of asset objects unloaded after import = 478
